[2020-01-03T20:10:14.218] [DEBUG] cheese - login => username:admin,password:123456
[2020-01-03T20:10:14.222] [DEBUG] cheese - admin
[2020-01-03T20:10:14.245] [DEBUG] cheese - { inspect: [Function: inspect] }
[2020-01-03T20:10:14.248] [DEBUG] cheese - 查询失败
[2020-01-03T20:10:25.166] [DEBUG] cheese - login => username:lp,password:123456
[2020-01-03T20:10:25.166] [DEBUG] cheese - lp
[2020-01-03T20:10:25.171] [DEBUG] cheese - { inspect: [Function: inspect] }
[2020-01-03T20:10:25.172] [DEBUG] cheese - 查询失败
[2020-01-03T20:10:59.240] [DEBUG] cheese - login => username:admin,password:123456
[2020-01-03T20:10:59.240] [DEBUG] cheese - admin
[2020-01-03T20:10:59.248] [DEBUG] cheese - { inspect: [Function: inspect] }
[2020-01-03T20:10:59.249] [DEBUG] cheese - 查询失败
[2020-01-03T20:12:24.054] [DEBUG] cheese - login => username:admin,password:123456
[2020-01-03T20:12:24.054] [DEBUG] cheese - admin
[2020-01-03T20:12:24.062] [DEBUG] cheese - null
[2020-01-03T20:12:24.062] [DEBUG] cheese - null
[2020-01-03T20:14:32.434] [DEBUG] cheese - login => username:lp,password:111223
[2020-01-03T20:14:32.434] [DEBUG] cheese - lp
[2020-01-03T20:14:32.447] [DEBUG] cheese - null
[2020-01-03T20:14:32.447] [DEBUG] cheese - null
[2020-01-03T20:14:47.183] [DEBUG] cheese - login => username:admin,password:123456
[2020-01-03T20:14:47.183] [DEBUG] cheese - admin
[2020-01-03T20:14:47.186] [DEBUG] cheese - null
[2020-01-03T20:14:47.186] [DEBUG] cheese - null
[2020-01-03T20:16:34.444] [DEBUG] cheese - login => username:admin,password:123456
[2020-01-03T20:16:34.444] [DEBUG] cheese - admin
[2020-01-03T20:16:34.451] [DEBUG] cheese - null
[2020-01-03T20:16:34.451] [DEBUG] cheese - null
[2020-01-03T20:17:22.004] [DEBUG] cheese - login => username:admin,password:123456
[2020-01-03T20:17:22.004] [DEBUG] cheese - admin
[2020-01-03T20:17:22.009] [DEBUG] cheese - null
[2020-01-03T20:17:22.009] [DEBUG] cheese - null
[2020-01-03T21:44:59.087] [DEBUG] cheese - login => username:admin,password:123456
[2020-01-03T21:44:59.088] [DEBUG] cheese - admin
[2020-01-03T21:44:59.103] [DEBUG] cheese - null
[2020-01-03T21:44:59.103] [DEBUG] cheese - null
[2020-01-04T11:13:25.134] [DEBUG] cheese - null
[2020-01-04T11:14:23.568] [DEBUG] cheese - null
[2020-01-04T21:36:07.566] [DEBUG] cheese - login => username:admin,password:123456
[2020-01-04T21:36:07.570] [DEBUG] cheese - admin
[2020-01-04T21:36:07.592] [DEBUG] cheese - null
[2020-01-04T21:36:07.593] [DEBUG] cheese - null
[2020-01-04T21:46:00.216] [DEBUG] cheese - login => username:admin,password:123456
[2020-01-04T21:46:00.219] [DEBUG] cheese - admin
[2020-01-04T21:46:00.251] [DEBUG] cheese - null
[2020-01-04T21:46:00.251] [DEBUG] cheese - null
[2020-01-04T21:46:17.180] [DEBUG] cheese - login => username:lp,password:111223
[2020-01-04T21:46:17.180] [DEBUG] cheese - lp
[2020-01-04T21:46:17.191] [DEBUG] cheese - null
[2020-01-04T21:46:17.191] [DEBUG] cheese - null
[2020-01-04T21:56:40.374] [DEBUG] cheese - login => username:lp,password:111223
[2020-01-04T21:56:40.375] [DEBUG] cheese - lp
[2020-01-04T21:56:40.398] [DEBUG] cheese - null
[2020-01-04T21:56:40.399] [DEBUG] cheese - null
[2020-01-04T21:57:01.902] [DEBUG] cheese - login => username:admin,password:123456
[2020-01-04T21:57:01.903] [DEBUG] cheese - admin
[2020-01-04T21:57:01.915] [DEBUG] cheese - null
[2020-01-04T21:57:01.916] [DEBUG] cheese - null
[2020-01-04T21:57:25.719] [DEBUG] cheese - login => username:lp,password:111223
[2020-01-04T21:57:25.719] [DEBUG] cheese - lp
[2020-01-04T21:57:25.726] [DEBUG] cheese - null
[2020-01-04T21:57:25.726] [DEBUG] cheese - null
[2020-01-04T21:57:49.524] [DEBUG] cheese - login => username:lp,password:111223
[2020-01-04T21:57:49.524] [DEBUG] cheese - lp
[2020-01-04T21:57:49.531] [DEBUG] cheese - null
[2020-01-04T21:57:49.531] [DEBUG] cheese - null
[2020-01-04T21:58:12.140] [DEBUG] cheese - login => username:lp,password:111223
[2020-01-04T21:58:12.140] [DEBUG] cheese - lp
[2020-01-04T21:58:12.145] [DEBUG] cheese - null
[2020-01-04T21:58:12.145] [DEBUG] cheese - null
[2020-01-04T21:58:17.912] [DEBUG] cheese - login => username:admin,password:123456
[2020-01-04T21:58:17.912] [DEBUG] cheese - admin
[2020-01-04T21:58:17.921] [DEBUG] cheese - null
[2020-01-04T21:58:17.921] [DEBUG] cheese - null
[2020-01-04T21:59:50.457] [DEBUG] cheese - login => username:admin,password:123456
[2020-01-04T21:59:50.458] [DEBUG] cheese - admin
[2020-01-04T21:59:50.468] [DEBUG] cheese - null
[2020-01-04T21:59:50.468] [DEBUG] cheese - null
[2020-01-04T22:00:35.892] [DEBUG] cheese - login => username:admin,password:123456
[2020-01-04T22:00:35.892] [DEBUG] cheese - admin
[2020-01-04T22:00:35.896] [DEBUG] cheese - null
[2020-01-04T22:00:35.896] [DEBUG] cheese - null
[2020-01-06T09:02:32.734] [DEBUG] cheese - login => username:lp,password:111223
[2020-01-06T09:02:32.735] [DEBUG] cheese - lp
[2020-01-06T09:02:32.746] [DEBUG] cheese - null
[2020-01-06T09:02:32.747] [DEBUG] cheese - null
[2020-01-06T09:02:40.414] [DEBUG] cheese - login => username:admin,password:123456
[2020-01-06T09:02:40.414] [DEBUG] cheese - admin
[2020-01-06T09:02:40.419] [DEBUG] cheese - null
[2020-01-06T09:02:40.419] [DEBUG] cheese - null
[2020-01-06T09:03:23.177] [DEBUG] cheese - login => username:xiaoai,password:111223
[2020-01-06T09:03:23.178] [DEBUG] cheese - xiaoai
[2020-01-06T09:03:23.184] [DEBUG] cheese - null
[2020-01-06T09:03:23.185] [DEBUG] cheese - null
[2020-01-06T09:03:29.123] [DEBUG] cheese - login => username:xiaoai,password:123456
[2020-01-06T09:03:29.123] [DEBUG] cheese - xiaoai
[2020-01-06T09:03:29.128] [DEBUG] cheese - null
[2020-01-06T09:03:29.128] [DEBUG] cheese - null
[2020-01-06T09:03:36.880] [DEBUG] cheese - login => username:lp,password:111223
[2020-01-06T09:03:36.880] [DEBUG] cheese - lp
[2020-01-06T09:03:36.884] [DEBUG] cheese - null
[2020-01-06T09:03:36.884] [DEBUG] cheese - null
[2020-01-06T09:03:44.798] [DEBUG] cheese - login => username:test,password:123456
[2020-01-06T09:03:44.799] [DEBUG] cheese - test
[2020-01-06T09:03:44.805] [DEBUG] cheese - null
[2020-01-06T09:03:44.805] [DEBUG] cheese - null
[2020-01-06T09:03:58.787] [DEBUG] cheese - login => username:xiaoai,password:123456
[2020-01-06T09:03:58.787] [DEBUG] cheese - xiaoai
[2020-01-06T09:03:58.789] [DEBUG] cheese - null
[2020-01-06T09:03:58.789] [DEBUG] cheese - null
[2020-01-06T09:04:12.233] [DEBUG] cheese - login => username:admin,password:123456
[2020-01-06T09:04:12.233] [DEBUG] cheese - admin
[2020-01-06T09:04:12.238] [DEBUG] cheese - null
[2020-01-06T09:04:12.239] [DEBUG] cheese - null
[2020-01-06T09:05:35.696] [DEBUG] cheese - login => username:lp,password:111223
[2020-01-06T09:05:35.696] [DEBUG] cheese - lp
[2020-01-06T09:05:35.702] [DEBUG] cheese - null
[2020-01-06T09:05:35.702] [DEBUG] cheese - null
[2020-01-06T09:05:49.581] [DEBUG] cheese - login => username:admin,password:123456
[2020-01-06T09:05:49.581] [DEBUG] cheese - admin
[2020-01-06T09:05:49.584] [DEBUG] cheese - null
[2020-01-06T09:05:49.584] [DEBUG] cheese - null
[2020-01-06T10:38:52.227] [DEBUG] cheese - null
[2020-01-06T10:39:06.250] [DEBUG] cheese - null
[2020-01-06T10:39:49.897] [DEBUG] cheese - null
[2020-01-06T16:20:24.024] [DEBUG] cheese - null
[2020-01-06T16:21:29.478] [DEBUG] cheese - null
[2020-01-06T16:24:02.717] [DEBUG] cheese - null
[2020-01-06T16:25:29.151] [DEBUG] cheese - null
[2020-01-06T16:28:14.016] [DEBUG] cheese - null
[2020-01-06T16:33:44.248] [DEBUG] cheese - null
[2020-01-06T16:34:35.575] [DEBUG] cheese - null
[2020-01-06T16:36:18.060] [DEBUG] cheese - null
[2020-01-06T16:37:10.375] [DEBUG] cheese - null
[2020-01-06T18:10:16.929] [DEBUG] cheese - login => username:lp,password:111223
[2020-01-06T18:10:16.929] [DEBUG] cheese - lp
[2020-01-06T18:10:16.932] [DEBUG] cheese - null
[2020-01-06T18:10:16.932] [DEBUG] cheese - null
[2020-01-06T18:10:34.619] [DEBUG] cheese - login => username:admin,password:123456
[2020-01-06T18:10:34.619] [DEBUG] cheese - admin
[2020-01-06T18:10:34.621] [DEBUG] cheese - null
[2020-01-06T18:10:34.622] [DEBUG] cheese - null
[2020-01-07T08:52:52.284] [DEBUG] cheese - null
[2020-01-07T08:53:03.328] [DEBUG] cheese - null
[2020-01-07T08:54:30.912] [DEBUG] cheese - null
[2020-01-07T10:43:57.287] [DEBUG] cheese - null
[2020-01-07T10:51:22.911] [DEBUG] cheese - login => username:admin,password:123456
[2020-01-07T10:51:22.912] [DEBUG] cheese - admin
[2020-01-07T10:51:22.915] [DEBUG] cheese - null
[2020-01-07T10:51:22.916] [DEBUG] cheese - null
[2020-07-15T21:50:05.265] [DEBUG] cheese - login => username:admin,password:123456
[2020-07-15T21:50:05.270] [DEBUG] cheese - admin
[2020-07-15T21:50:05.414] [DEBUG] cheese - null
[2020-07-15T21:50:05.415] [DEBUG] cheese - null
[2020-07-15T21:50:34.539] [DEBUG] cheese - login => username:admin,password:123456
[2020-07-15T21:50:34.539] [DEBUG] cheese - admin
[2020-07-15T21:50:34.659] [DEBUG] cheese - null
[2020-07-15T21:50:34.660] [DEBUG] cheese - null
[2020-07-15T21:50:47.532] [DEBUG] cheese - login => username:admin,password:123456
[2020-07-15T21:50:47.532] [DEBUG] cheese - admin
[2020-07-15T21:50:47.661] [DEBUG] cheese - null
[2020-07-15T21:50:47.661] [DEBUG] cheese - null
[2020-08-01T11:41:21.064] [DEBUG] cheese - login => username:admin,password:123456
[2020-08-01T11:41:21.067] [DEBUG] cheese - admin
[2020-08-01T11:41:21.277] [DEBUG] cheese - null
[2020-08-01T11:41:21.278] [DEBUG] cheese - null
[2020-08-01T11:42:17.230] [DEBUG] cheese - login => username:admin,password:123456
[2020-08-01T11:42:17.230] [DEBUG] cheese - admin
[2020-08-01T11:42:17.237] [DEBUG] cheese - null
[2020-08-01T11:42:17.238] [DEBUG] cheese - null
[2020-08-01T11:42:20.694] [DEBUG] cheese - login => username:admin,password:123456
[2020-08-01T11:42:20.694] [DEBUG] cheese - admin
[2020-08-01T11:42:20.702] [DEBUG] cheese - null
[2020-08-01T11:42:20.702] [DEBUG] cheese - null
[2020-08-01T11:42:21.704] [DEBUG] cheese - login => username:admin,password:123456
[2020-08-01T11:42:21.704] [DEBUG] cheese - admin
[2020-08-01T11:42:21.708] [DEBUG] cheese - null
[2020-08-01T11:42:21.708] [DEBUG] cheese - null
[2020-08-02T13:12:47.227] [DEBUG] cheese - login => username:admin,password:123456
[2020-08-02T13:12:47.229] [DEBUG] cheese - admin
[2020-08-02T13:12:47.258] [DEBUG] cheese - null
[2020-08-02T13:12:47.258] [DEBUG] cheese - null
[2021-08-05T00:30:59.295] [DEBUG] cheese - login => username:admin,password:123456
[2021-08-05T00:30:59.301] [DEBUG] cheese - admin
[2021-08-05T00:30:59.332] [DEBUG] cheese - { inspect: [Function: inspect] }
[2021-08-05T00:30:59.338] [DEBUG] cheese - 查询失败
[2021-08-05T00:31:08.546] [DEBUG] cheese - login => username:admin,password:123456
[2021-08-05T00:31:08.546] [DEBUG] cheese - admin
[2021-08-05T00:31:08.552] [DEBUG] cheese - { inspect: [Function: inspect] }
[2021-08-05T00:31:08.553] [DEBUG] cheese - 查询失败
[2021-08-05T00:33:03.644] [DEBUG] cheese - login => username:admin,password:123456
[2021-08-05T00:33:03.650] [DEBUG] cheese - admin
[2021-08-05T00:33:03.685] [DEBUG] cheese - null
[2021-08-05T00:33:03.687] [DEBUG] cheese - null
[2021-08-05T00:36:21.641] [DEBUG] cheese - login => username:admin,password:123456
[2021-08-05T00:36:21.642] [DEBUG] cheese - admin
[2021-08-05T00:36:21.656] [DEBUG] cheese - null
[2021-08-05T00:36:21.656] [DEBUG] cheese - null
[2021-08-05T00:36:27.912] [DEBUG] cheese - login => username:admin,password:123499
[2021-08-05T00:36:27.913] [DEBUG] cheese - admin
[2021-08-05T00:36:27.919] [DEBUG] cheese - null
[2021-08-05T00:36:27.920] [DEBUG] cheese - null
[2021-08-05T00:38:03.692] [DEBUG] cheese - login => username:dssdfg,password:123456
[2021-08-05T00:38:03.692] [DEBUG] cheese - dssdfg
[2021-08-05T00:38:03.698] [DEBUG] cheese - null
[2021-08-05T00:38:03.699] [DEBUG] cheese - null
[2021-08-05T00:41:39.866] [DEBUG] cheese - login => username:admin,password:123456
[2021-08-05T00:41:39.867] [DEBUG] cheese - admin
[2021-08-05T00:41:39.878] [DEBUG] cheese - null
[2021-08-05T00:41:39.878] [DEBUG] cheese - null
[2021-08-05T01:10:04.598] [DEBUG] cheese - login => username:admin,password:123456
[2021-08-05T01:10:04.599] [DEBUG] cheese - admin
[2021-08-05T01:10:04.611] [DEBUG] cheese - null
[2021-08-05T01:10:04.611] [DEBUG] cheese - null
[2021-08-05T01:12:30.766] [DEBUG] cheese - login => username:admin,password:123456
[2021-08-05T01:12:30.767] [DEBUG] cheese - admin
[2021-08-05T01:12:30.777] [DEBUG] cheese - null
[2021-08-05T01:12:30.777] [DEBUG] cheese - null
[2021-08-05T01:27:51.400] [DEBUG] cheese - login => username:admin,password:123456
[2021-08-05T01:27:51.401] [DEBUG] cheese - admin
[2021-08-05T01:27:51.416] [DEBUG] cheese - null
[2021-08-05T01:27:51.416] [DEBUG] cheese - null
[2021-08-05T01:29:47.198] [DEBUG] cheese - login => username:admin,password:123456
[2021-08-05T01:29:47.199] [DEBUG] cheese - admin
[2021-08-05T01:29:47.205] [DEBUG] cheese - null
[2021-08-05T01:29:47.205] [DEBUG] cheese - null
[2021-08-05T21:42:47.554] [DEBUG] cheese - login => username:admin,password:123456
[2021-08-05T21:42:47.559] [DEBUG] cheese - admin
[2021-08-05T21:42:47.592] [DEBUG] cheese - null
[2021-08-05T21:42:47.593] [DEBUG] cheese - null
[2021-08-07T02:04:28.475] [DEBUG] cheese - login => username:admin,password:123456
[2021-08-07T02:04:28.479] [DEBUG] cheese - admin
[2021-08-07T02:04:28.505] [DEBUG] cheese - null
[2021-08-07T02:04:28.505] [DEBUG] cheese - null
[2021-08-07T04:51:47.027] [DEBUG] cheese - login => username:admin,password:123456
[2021-08-07T04:51:47.027] [DEBUG] cheese - admin
[2021-08-07T04:51:47.030] [DEBUG] cheese - null
[2021-08-07T04:51:47.030] [DEBUG] cheese - null
[2021-08-08T01:32:51.135] [DEBUG] cheese - login => username:admin,password:123456
[2021-08-08T01:32:51.136] [DEBUG] cheese - admin
[2021-08-08T01:32:51.144] [DEBUG] cheese - null
[2021-08-08T01:32:51.144] [DEBUG] cheese - null
[2021-08-08T01:50:23.924] [DEBUG] cheese - null
[2021-08-08T01:54:39.220] [DEBUG] cheese - null
[2021-08-08T02:14:34.529] [DEBUG] cheese - null
[2021-08-08T02:24:33.962] [DEBUG] cheese - null
[2021-08-08T02:24:40.561] [DEBUG] cheese - null
[2021-08-08T02:43:07.450] [DEBUG] cheese - null
[2021-08-08T02:43:51.928] [DEBUG] cheese - null
[2021-08-08T16:42:08.603] [DEBUG] cheese - null
[2021-08-08T19:30:53.842] [DEBUG] cheese - null
[2021-08-09T01:45:01.241] [DEBUG] cheese - login => username:admin,password:123456
[2021-08-09T01:45:01.242] [DEBUG] cheese - admin
[2021-08-09T01:45:01.254] [DEBUG] cheese - null
[2021-08-09T01:45:01.255] [DEBUG] cheese - null
[2021-08-10T01:47:12.491] [DEBUG] cheese - login => username:admin,password:123456
[2021-08-10T01:47:12.493] [DEBUG] cheese - admin
[2021-08-10T01:47:12.498] [DEBUG] cheese - null
[2021-08-10T01:47:12.498] [DEBUG] cheese - null
[2021-08-10T19:41:55.466] [DEBUG] cheese - null
[2021-08-10T19:46:28.619] [DEBUG] cheese - null
[2021-08-11T01:51:44.520] [DEBUG] cheese - login => username:admin,password:123456
[2021-08-11T01:51:44.521] [DEBUG] cheese - admin
[2021-08-11T01:51:44.527] [DEBUG] cheese - null
[2021-08-11T01:51:44.528] [DEBUG] cheese - null
[2021-08-11T19:39:46.069] [DEBUG] cheese - login => username:admin,password:123456
[2021-08-11T19:39:46.071] [DEBUG] cheese - admin
[2021-08-11T19:39:46.077] [DEBUG] cheese - null
[2021-08-11T19:39:46.078] [DEBUG] cheese - null
[2021-08-11T22:49:22.281] [DEBUG] cheese - null
[2021-08-11T22:49:34.434] [DEBUG] cheese - null
[2021-08-11T22:51:27.948] [DEBUG] cheese - null
[2021-08-12T00:46:01.295] [DEBUG] cheese - null
[2021-08-12T00:52:09.521] [DEBUG] cheese - null
[2021-08-12T01:25:31.724] [DEBUG] cheese - login => username:admin,password:123456
[2021-08-12T01:25:31.726] [DEBUG] cheese - admin
[2021-08-12T01:25:31.730] [DEBUG] cheese - null
[2021-08-12T01:25:31.730] [DEBUG] cheese - null
[2021-08-12T16:58:55.800] [DEBUG] cheese - login => username:admin,password:123456
[2021-08-12T16:58:55.809] [DEBUG] cheese - admin
[2021-08-12T16:58:55.827] [DEBUG] cheese - null
[2021-08-12T16:58:55.830] [DEBUG] cheese - null
[2021-08-12T17:01:16.431] [DEBUG] cheese - login => username:admin,password:123456
[2021-08-12T17:01:16.431] [DEBUG] cheese - admin
[2021-08-12T17:01:16.438] [DEBUG] cheese - null
[2021-08-12T17:01:16.438] [DEBUG] cheese - null
[2021-08-12T17:01:32.499] [DEBUG] cheese - login => username:admin,password:123456
[2021-08-12T17:01:32.499] [DEBUG] cheese - admin
[2021-08-12T17:01:32.503] [DEBUG] cheese - null
[2021-08-12T17:01:32.503] [DEBUG] cheese - null
[2021-08-12T17:01:46.790] [DEBUG] cheese - login => username:admin,password:123456
[2021-08-12T17:01:46.791] [DEBUG] cheese - admin
[2021-08-12T17:01:46.793] [DEBUG] cheese - null
[2021-08-12T17:01:46.793] [DEBUG] cheese - null
[2021-08-18T07:37:39.354] [DEBUG] cheese - login => username:admin,password:123456
[2021-08-18T07:37:39.359] [DEBUG] cheese - admin
[2021-08-18T07:37:39.399] [DEBUG] cheese - null
[2021-08-18T07:37:39.401] [DEBUG] cheese - null
